TN:
SF:./src/backbone-hashMate.js
FN:2,(anonymous_1)
FN:5,(anonymous_2)
FN:20,(anonymous_3)
FN:31,(anonymous_4)
FN:57,(anonymous_5)
FN:82,(anonymous_6)
FN:124,(anonymous_7)
FN:168,(anonymous_8)
FN:180,(anonymous_9)
FN:202,(anonymous_10)
FN:243,(anonymous_11)
FN:279,(anonymous_12)
FN:294,(anonymous_13)
FN:304,(anonymous_14)
FN:323,(anonymous_15)
FN:338,(anonymous_16)
FNF:16
FNH:12
FNDA:1,(anonymous_1)
FNDA:0,(anonymous_2)
FNDA:1,(anonymous_3)
FNDA:15,(anonymous_4)
FNDA:29,(anonymous_5)
FNDA:16,(anonymous_6)
FNDA:7,(anonymous_7)
FNDA:0,(anonymous_8)
FNDA:0,(anonymous_9)
FNDA:0,(anonymous_10)
FNDA:13,(anonymous_11)
FNDA:0,(anonymous_12)
FNDA:25,(anonymous_13)
FNDA:97,(anonymous_14)
FNDA:97,(anonymous_15)
FNDA:20,(anonymous_16)
DA:2,1
DA:4,1
DA:5,1
DA:6,1
DA:8,1
DA:9,1
DA:11,1
DA:12,1
DA:13,1
DA:15,1
DA:17,1
DA:25,1
DA:31,1
DA:33,15
DA:34,14
DA:37,14
DA:40,14
DA:48,14
DA:57,1
DA:58,29
DA:59,1
DA:63,28
DA:64,28
DA:69,1
DA:82,1
DA:83,16
DA:84,16
DA:87,16
DA:90,16
DA:93,16
DA:95,16
DA:97,1
DA:98,15
DA:100,6
DA:101,6
DA:105,10
DA:106,10
DA:109,10
DA:124,1
DA:126,7
DA:127,7
DA:128,7
DA:129,7
DA:130,7
DA:134,7
DA:135,6
DA:136,6
DA:137,36
DA:138,36
DA:139,24
DA:141,6
DA:143,18
DA:148,6
DA:149,1
DA:152,1
DA:156,7
DA:168,1
DA:170,0
DA:171,0
DA:172,0
DA:173,0
DA:176,0
DA:177,0
DA:179,0
DA:180,0
DA:181,0
DA:182,0
DA:183,0
DA:187,0
DA:188,0
DA:189,0
DA:190,0
DA:192,0
DA:196,0
DA:197,0
DA:202,0
DA:203,0
DA:204,0
DA:206,0
DA:209,0
DA:211,0
DA:212,0
DA:213,0
DA:218,0
DA:222,0
DA:223,0
DA:224,0
DA:227,0
DA:243,1
DA:245,13
DA:246,0
DA:247,0
DA:249,13
DA:250,13
DA:251,13
DA:252,13
DA:255,13
DA:258,13
DA:259,10
DA:263,13
DA:264,13
DA:265,0
DA:267,13
DA:279,1
DA:280,0
DA:281,0
DA:283,0
DA:294,1
DA:295,25
DA:298,25
DA:299,3
DA:303,22
DA:304,22
DA:305,97
DA:306,97
DA:307,97
DA:312,22
DA:323,1
DA:324,97
DA:338,1
DA:339,20
DA:340,20
DA:341,18
DA:342,74
DA:343,74
DA:345,0
DA:349,20
DA:352,20
DA:353,20
DA:354,13
DA:355,13
DA:357,20
DA:360,1
LF:133
LH:95
BRDA:4,1,0,0
BRDA:4,1,1,1
BRDA:4,2,0,1
BRDA:4,2,1,0
BRDA:8,3,0,0
BRDA:8,3,1,1
BRDA:12,4,0,0
BRDA:12,4,1,0
BRDA:12,5,0,0
BRDA:12,5,1,0
BRDA:33,6,0,15
BRDA:33,6,1,14
BRDA:37,7,0,14
BRDA:37,7,1,0
BRDA:58,8,0,1
BRDA:58,8,1,28
BRDA:58,9,0,29
BRDA:58,9,1,28
BRDA:58,9,2,27
BRDA:83,10,0,16
BRDA:83,10,1,0
BRDA:90,11,0,16
BRDA:90,11,1,7
BRDA:90,12,0,6
BRDA:90,12,1,1
BRDA:93,13,0,13
BRDA:93,13,1,3
BRDA:93,14,0,16
BRDA:93,14,1,9
BRDA:95,15,0,1
BRDA:95,15,1,15
BRDA:98,16,0,6
BRDA:98,16,1,9
BRDA:98,17,0,15
BRDA:98,17,1,6
BRDA:126,18,0,7
BRDA:126,18,1,0
BRDA:127,19,0,0
BRDA:127,19,1,7
BRDA:127,20,0,7
BRDA:127,20,1,0
BRDA:128,21,0,1
BRDA:128,21,1,6
BRDA:129,22,0,1
BRDA:129,22,1,6
BRDA:134,23,0,6
BRDA:134,23,1,1
BRDA:134,24,0,7
BRDA:134,24,1,3
BRDA:137,25,0,24
BRDA:137,25,1,12
BRDA:138,26,0,24
BRDA:138,26,1,12
BRDA:139,27,0,6
BRDA:139,27,1,18
BRDA:139,28,0,24
BRDA:139,28,1,12
BRDA:148,29,0,1
BRDA:148,29,1,5
BRDA:148,30,0,6
BRDA:148,30,1,6
BRDA:171,31,0,0
BRDA:171,31,1,0
BRDA:171,32,0,0
BRDA:171,32,1,0
BRDA:177,33,0,0
BRDA:177,33,1,0
BRDA:177,34,0,0
BRDA:177,34,1,0
BRDA:182,35,0,0
BRDA:182,35,1,0
BRDA:187,36,0,0
BRDA:187,36,1,0
BRDA:189,37,0,0
BRDA:189,37,1,0
BRDA:192,38,0,0
BRDA:192,38,1,0
BRDA:196,39,0,0
BRDA:196,39,1,0
BRDA:203,40,0,0
BRDA:203,40,1,0
BRDA:209,41,0,0
BRDA:209,41,1,0
BRDA:212,42,0,0
BRDA:212,42,1,0
BRDA:222,43,0,0
BRDA:222,43,1,0
BRDA:222,44,0,0
BRDA:222,44,1,0
BRDA:245,45,0,0
BRDA:245,45,1,13
BRDA:249,46,0,13
BRDA:249,46,1,0
BRDA:250,47,0,13
BRDA:250,47,1,0
BRDA:252,48,0,5
BRDA:252,48,1,8
BRDA:252,49,0,8
BRDA:252,49,1,7
BRDA:264,50,0,0
BRDA:264,50,1,13
BRDA:280,51,0,0
BRDA:280,51,1,0
BRDA:298,52,0,3
BRDA:298,52,1,22
BRDA:298,53,0,25
BRDA:298,53,1,23
BRDA:306,54,0,97
BRDA:306,54,1,0
BRDA:306,55,0,97
BRDA:306,55,1,97
BRDA:306,55,2,97
BRDA:324,56,0,25
BRDA:324,56,1,72
BRDA:340,57,0,18
BRDA:340,57,1,2
BRDA:342,58,0,74
BRDA:342,58,1,0
BRDA:349,59,0,16
BRDA:349,59,1,4
BRDA:349,60,0,20
BRDA:349,60,1,20
BRDA:352,61,0,20
BRDA:352,61,1,0
BRDA:353,62,0,13
BRDA:353,62,1,7
BRDA:354,63,0,13
BRDA:354,63,1,0
BRF:128
BRH:85
end_of_record
