TN:
SF:./src/backbone-hashMate.js
FN:8,(anonymous_1)
FN:11,(anonymous_2)
FN:26,(anonymous_3)
FN:73,(anonymous_4)
FN:101,(anonymous_5)
FN:118,(anonymous_6)
FN:147,(anonymous_7)
FN:195,(anonymous_8)
FN:247,(anonymous_9)
FN:259,(anonymous_10)
FN:280,(anonymous_11)
FN:326,(anonymous_12)
FN:363,(anonymous_13)
FN:379,(anonymous_14)
FN:389,(anonymous_15)
FN:411,(anonymous_16)
FN:427,(anonymous_17)
FNF:17
FNH:17
FNDA:1,(anonymous_1)
FNDA:0,(anonymous_2)
FNDA:1,(anonymous_3)
FNDA:37,(anonymous_4)
FNDA:44,(anonymous_5)
FNDA:58,(anonymous_6)
FNDA:21,(anonymous_7)
FNDA:10,(anonymous_8)
FNDA:9,(anonymous_9)
FNDA:11,(anonymous_10)
FNDA:9,(anonymous_11)
FNDA:23,(anonymous_12)
FNDA:4,(anonymous_13)
FNDA:51,(anonymous_14)
FNDA:217,(anonymous_15)
FNDA:176,(anonymous_16)
FNDA:35,(anonymous_17)
DA:8,1
DA:10,1
DA:11,1
DA:12,1
DA:14,1
DA:15,1
DA:17,1
DA:18,1
DA:19,1
DA:21,1
DA:23,1
DA:59,1
DA:73,1
DA:75,37
DA:76,36
DA:79,36
DA:80,36
DA:83,36
DA:86,36
DA:88,36
DA:89,36
DA:101,1
DA:102,44
DA:103,38
DA:105,6
DA:118,1
DA:119,58
DA:120,1
DA:122,57
DA:123,25
DA:127,32
DA:128,32
DA:147,1
DA:148,21
DA:149,1
DA:150,1
DA:152,21
DA:153,21
DA:156,21
DA:159,21
DA:162,21
DA:164,21
DA:166,1
DA:167,20
DA:169,9
DA:170,9
DA:174,12
DA:175,12
DA:178,12
DA:195,1
DA:197,10
DA:198,10
DA:199,10
DA:200,10
DA:201,10
DA:202,10
DA:206,10
DA:207,9
DA:208,9
DA:209,9
DA:210,9
DA:211,54
DA:212,54
DA:213,6
DA:214,48
DA:215,20
DA:217,4
DA:219,16
DA:220,28
DA:221,8
DA:226,9
DA:227,1
DA:230,1
DA:234,10
DA:247,1
DA:249,9
DA:250,9
DA:251,6
DA:252,6
DA:255,9
DA:256,9
DA:258,7
DA:259,7
DA:260,11
DA:261,11
DA:262,1
DA:266,10
DA:267,1
DA:269,9
DA:270,2
DA:274,9
DA:275,9
DA:280,7
DA:281,9
DA:282,7
DA:284,2
DA:287,2
DA:289,1
DA:290,6
DA:291,2
DA:296,1
DA:297,6
DA:298,2
DA:304,9
DA:305,6
DA:306,6
DA:309,3
DA:326,1
DA:328,23
DA:329,1
DA:330,1
DA:332,23
DA:333,23
DA:334,23
DA:335,23
DA:338,23
DA:341,23
DA:342,18
DA:346,23
DA:347,23
DA:348,1
DA:350,22
DA:363,1
DA:364,4
DA:365,2
DA:367,2
DA:379,1
DA:380,51
DA:383,51
DA:384,4
DA:388,47
DA:389,47
DA:390,217
DA:391,217
DA:392,201
DA:393,16
DA:394,16
DA:399,47
DA:411,1
DA:412,176
DA:427,1
DA:428,35
DA:429,35
DA:430,33
DA:431,135
DA:432,4
DA:434,135
DA:435,128
DA:437,7
DA:441,35
DA:444,35
DA:445,35
DA:446,25
DA:447,25
DA:448,25
DA:449,25
DA:451,35
DA:454,1
LF:158
LH:158
BRDA:10,1,0,0
BRDA:10,1,1,1
BRDA:10,2,0,1
BRDA:10,2,1,0
BRDA:14,3,0,0
BRDA:14,3,1,1
BRDA:18,4,0,0
BRDA:18,4,1,0
BRDA:18,5,0,0
BRDA:18,5,1,0
BRDA:75,6,0,37
BRDA:75,6,1,36
BRDA:79,7,0,36
BRDA:79,7,1,0
BRDA:102,8,0,38
BRDA:102,8,1,6
BRDA:102,9,0,44
BRDA:102,9,1,40
BRDA:119,10,0,1
BRDA:119,10,1,57
BRDA:119,11,0,58
BRDA:119,11,1,57
BRDA:119,11,2,56
BRDA:122,12,0,25
BRDA:122,12,1,32
BRDA:148,13,0,1
BRDA:148,13,1,20
BRDA:148,14,0,21
BRDA:148,14,1,1
BRDA:152,15,0,21
BRDA:152,15,1,1
BRDA:159,16,0,21
BRDA:159,16,1,10
BRDA:159,17,0,9
BRDA:159,17,1,1
BRDA:162,18,0,17
BRDA:162,18,1,4
BRDA:162,19,0,21
BRDA:162,19,1,11
BRDA:164,20,0,1
BRDA:164,20,1,20
BRDA:167,21,0,9
BRDA:167,21,1,11
BRDA:167,22,0,20
BRDA:167,22,1,9
BRDA:197,23,0,10
BRDA:197,23,1,0
BRDA:198,24,0,0
BRDA:198,24,1,10
BRDA:198,25,0,10
BRDA:198,25,1,0
BRDA:199,26,0,2
BRDA:199,26,1,8
BRDA:200,27,0,1
BRDA:200,27,1,9
BRDA:201,28,0,0
BRDA:201,28,1,10
BRDA:206,29,0,9
BRDA:206,29,1,1
BRDA:206,30,0,10
BRDA:206,30,1,5
BRDA:206,30,2,3
BRDA:211,31,0,36
BRDA:211,31,1,18
BRDA:212,32,0,6
BRDA:212,32,1,48
BRDA:212,33,0,54
BRDA:212,33,1,18
BRDA:214,34,0,20
BRDA:214,34,1,28
BRDA:214,35,0,48
BRDA:214,35,1,36
BRDA:215,36,0,4
BRDA:215,36,1,16
BRDA:215,37,0,20
BRDA:215,37,1,8
BRDA:220,38,0,8
BRDA:220,38,1,20
BRDA:220,39,0,28
BRDA:220,39,1,20
BRDA:226,40,0,1
BRDA:226,40,1,8
BRDA:226,41,0,9
BRDA:226,41,1,9
BRDA:250,42,0,6
BRDA:250,42,1,3
BRDA:250,43,0,9
BRDA:250,43,1,7
BRDA:256,44,0,7
BRDA:256,44,1,2
BRDA:256,45,0,9
BRDA:256,45,1,7
BRDA:261,46,0,1
BRDA:261,46,1,10
BRDA:266,47,0,1
BRDA:266,47,1,9
BRDA:269,48,0,2
BRDA:269,48,1,7
BRDA:269,49,0,9
BRDA:269,49,1,2
BRDA:274,50,0,9
BRDA:274,50,1,0
BRDA:281,51,0,7
BRDA:281,51,1,2
BRDA:287,52,0,1
BRDA:287,52,1,1
BRDA:290,53,0,2
BRDA:290,53,1,4
BRDA:297,54,0,2
BRDA:297,54,1,4
BRDA:304,55,0,6
BRDA:304,55,1,3
BRDA:304,56,0,9
BRDA:304,56,1,6
BRDA:328,57,0,1
BRDA:328,57,1,22
BRDA:332,58,0,23
BRDA:332,58,1,5
BRDA:333,59,0,17
BRDA:333,59,1,6
BRDA:335,60,0,7
BRDA:335,60,1,16
BRDA:335,61,0,16
BRDA:335,61,1,10
BRDA:347,62,0,1
BRDA:347,62,1,22
BRDA:364,63,0,2
BRDA:364,63,1,2
BRDA:383,64,0,4
BRDA:383,64,1,47
BRDA:383,65,0,51
BRDA:383,65,1,48
BRDA:391,66,0,201
BRDA:391,66,1,16
BRDA:391,67,0,217
BRDA:391,67,1,201
BRDA:391,67,2,201
BRDA:393,68,0,16
BRDA:393,68,1,0
BRDA:393,69,0,16
BRDA:393,69,1,16
BRDA:412,70,0,44
BRDA:412,70,1,132
BRDA:429,71,0,33
BRDA:429,71,1,2
BRDA:431,72,0,4
BRDA:431,72,1,131
BRDA:431,73,0,135
BRDA:431,73,1,133
BRDA:434,74,0,128
BRDA:434,74,1,7
BRDA:434,75,0,135
BRDA:434,75,1,135
BRDA:441,76,0,31
BRDA:441,76,1,4
BRDA:441,77,0,35
BRDA:441,77,1,35
BRDA:444,78,0,35
BRDA:444,78,1,1
BRDA:445,79,0,25
BRDA:445,79,1,10
BRDA:447,80,0,25
BRDA:447,80,1,0
BRF:163
BRH:155
end_of_record
